2026-03-04 17:02:01,381 - app - INFO - FitLog iniciado
2026-03-04 17:02:01,511 - app - INFO - Tabelas verificadas/criadas
2026-03-04 17:02:01,531 - app - INFO - Blueprint main registrado em /
2026-03-04 17:02:01,545 - app - INFO - Blueprint auth registrado em /auth
2026-03-04 17:02:01,555 - app - INFO - Blueprint admin registrado em /admin
2026-03-04 17:02:01,563 - app - INFO - Blueprint register registrado em /registrar
2026-03-04 17:02:01,565 - app - INFO - Blueprint stats registrado em /estatisticas
2026-03-04 17:02:01,595 - app - INFO - Blueprint version registrado em /version
2026-03-04 17:02:01,613 - app - INFO - Blueprint api registrado em /api
2026-03-04 17:02:01,616 - app - INFO - Blueprint calendar registrado em /calendar
2026-03-04 17:02:01,651 - app - INFO - Blueprint professor registrado em /professor
2026-03-04 17:02:01,659 - app - INFO - Blueprint aluno registrado em /aluno
2026-03-04 17:06:42,804 - app - INFO - FitLog iniciado
2026-03-04 17:06:42,928 - app - INFO - Tabelas verificadas/criadas
2026-03-04 17:06:42,948 - app - INFO - Blueprint main registrado em /
2026-03-04 17:06:42,957 - app - INFO - Blueprint auth registrado em /auth
2026-03-04 17:06:42,973 - app - INFO - Blueprint admin registrado em /admin
2026-03-04 17:06:42,977 - app - INFO - Blueprint register registrado em /registrar
2026-03-04 17:06:42,979 - app - INFO - Blueprint stats registrado em /estatisticas
2026-03-04 17:06:43,006 - app - INFO - Blueprint version registrado em /version
2026-03-04 17:06:43,027 - app - INFO - Blueprint api registrado em /api
2026-03-04 17:06:43,034 - app - INFO - Blueprint calendar registrado em /calendar
2026-03-04 17:06:43,077 - app - INFO - Blueprint professor registrado em /professor
2026-03-04 17:06:43,091 - app - INFO - Blueprint aluno registrado em /aluno
2026-03-04 17:06:43,092 - __main__ - INFO - Verificando musculo base 'Outros'...
2026-03-04 17:06:43,100 - __main__ - INFO - Cache de músculos carregado: 36 entradas
2026-03-04 17:06:43,120 - __main__ - INFO - Catalogo carregado: 873 exercicios
2026-03-04 17:06:43,123 - __main__ - INFO - Exercicios ja na base: 0
2026-03-04 17:06:50,351 - __main__ - INFO - 
Iniciando importacao...

2026-03-04 17:06:50,402 - __main__ - INFO - Primeiro exercicio importado:
2026-03-04 17:06:50,404 - __main__ - INFO -    Nome: Abdominal 3/4
2026-03-04 17:06:50,407 - __main__ - INFO -    Musculo ID: 14 (Abdômen)
2026-03-04 17:06:50,407 - __main__ - INFO -    Equipamento: peso-do-corpo
2026-03-04 17:06:50,409 - __main__ - INFO -    Nivel: iniciante
2026-03-04 17:06:50,411 - __main__ - INFO -    Instrucoes: 5 itens
2026-03-04 17:06:50,415 - __main__ - WARNING - Musculo nao encontrado: Isquiotibiais
2026-03-04 17:06:50,470 - __main__ - WARNING - Musculo nao encontrado: Peito
2026-03-04 17:06:50,474 - __main__ - WARNING - Musculo nao encontrado: Isquiotibiais
2026-03-04 17:06:50,484 - __main__ - WARNING - Musculo nao encontrado: Meio-Das-Costas
2026-03-04 17:06:50,487 - __main__ - WARNING - Musculo nao encontrado: Meio-Das-Costas
2026-03-04 17:06:50,497 - __main__ - WARNING - Musculo nao encontrado: Gluteos
2026-03-04 17:06:50,527 - __main__ - WARNING - Musculo nao encontrado: Peito
2026-03-04 17:06:50,543 - __main__ - WARNING - Musculo nao encontrado: Inferior-Das-Costas
2026-03-04 17:06:50,547 - __main__ - WARNING - Musculo nao encontrado: Inferior-Das-Costas
2026-03-04 17:06:50,551 - __main__ - WARNING - Musculo nao encontrado: Inferior-Das-Costas
2026-03-04 17:06:50,577 - __main__ - WARNING - Musculo nao encontrado: Isquiotibiais
2026-03-04 17:06:50,588 - __main__ - WARNING - Musculo nao encontrado: Dorsais
2026-03-04 17:06:50,592 - __main__ - WARNING - Musculo nao encontrado: Isquiotibiais
2026-03-04 17:06:50,594 - __main__ - WARNING - Musculo nao encontrado: Isquiotibiais
2026-03-04 17:06:50,628 - __main__ - WARNING - Musculo nao encontrado: Peito
2026-03-04 17:06:50,642 - __main__ - WARNING - Musculo nao encontrado: Inferior-Das-Costas
2026-03-04 17:06:50,655 - __main__ - WARNING - Musculo nao encontrado: Gluteos
2026-03-04 17:06:50,658 - __main__ - WARNING - Musculo nao encontrado: Peito
2026-03-04 17:06:50,669 - __main__ - INFO -    + 50 exercicios importados...
2026-03-04 17:06:50,679 - __main__ - WARNING - Musculo nao encontrado: Gluteos
2026-03-04 17:06:50,689 - __main__ - WARNING - Musculo nao encontrado: Peito
2026-03-04 17:06:50,721 - __main__ - WARNING - Musculo nao encontrado: Trapezio
2026-03-04 17:06:50,724 - __main__ - WARNING - Musculo nao encontrado: Trapezio
2026-03-04 17:06:50,767 - __main__ - WARNING - Musculo nao encontrado: Peito
2026-03-04 17:06:50,785 - __main__ - WARNING - Musculo nao encontrado: Peito
2026-03-04 17:06:50,794 - __main__ - WARNING - Musculo nao encontrado: Dorsais
2026-03-04 17:06:50,804 - __main__ - WARNING - Musculo nao encontrado: Peito
2026-03-04 17:06:50,815 - __main__ - WARNING - Musculo nao encontrado: Meio-Das-Costas
2026-03-04 17:06:50,837 - __main__ - WARNING - Musculo nao encontrado: Meio-Das-Costas
2026-03-04 17:06:50,841 - __main__ - WARNING - Musculo nao encontrado: Meio-Das-Costas
2026-03-04 17:06:50,844 - __main__ - WARNING - Musculo nao encontrado: Meio-Das-Costas
2026-03-04 17:06:50,855 - __main__ - WARNING - Musculo nao encontrado: Meio-Das-Costas
2026-03-04 17:06:50,892 - __main__ - WARNING - Musculo nao encontrado: Peito
2026-03-04 17:06:50,904 - __main__ - WARNING - Musculo nao encontrado: Meio-Das-Costas
2026-03-04 17:06:50,917 - __main__ - WARNING - Musculo nao encontrado: Antebracos
2026-03-04 17:06:50,925 - __main__ - WARNING - Musculo nao encontrado: Isquiotibiais
2026-03-04 17:06:50,927 - __main__ - INFO -    + 100 exercicios importados...
2026-03-04 17:06:50,930 - __main__ - WARNING - Musculo nao encontrado: Isquiotibiais
2026-03-04 17:06:50,966 - __main__ - WARNING - Musculo nao encontrado: Gluteos
2026-03-04 17:06:50,971 - __main__ - WARNING - Musculo nao encontrado: Peito
2026-03-04 17:06:50,974 - __main__ - WARNING - Musculo nao encontrado: Peito
2026-03-04 17:06:50,977 - __main__ - WARNING - Musculo nao encontrado: Peito
2026-03-04 17:06:51,004 - __main__ - WARNING - Musculo nao encontrado: Dorsais
2026-03-04 17:06:51,021 - __main__ - WARNING - Musculo nao encontrado: Peito
2026-03-04 17:06:51,066 - __main__ - WARNING - Musculo nao encontrado: Trapezio
2026-03-04 17:06:51,071 - __main__ - WARNING - Musculo nao encontrado: Antebracos
2026-03-04 17:06:51,074 - __main__ - WARNING - Musculo nao encontrado: Trapezio
2026-03-04 17:06:51,118 - __main__ - WARNING - Musculo nao encontrado: Inferior-Das-Costas
2026-03-04 17:06:51,122 - __main__ - WARNING - Musculo nao encontrado: Dorsais
2026-03-04 17:06:51,128 - __main__ - WARNING - Musculo nao encontrado: Peito
2026-03-04 17:06:51,135 - __main__ - WARNING - Musculo nao encontrado: Isquiotibiais
2026-03-04 17:06:51,138 - __main__ - WARNING - Musculo nao encontrado: Dorsais
2026-03-04 17:06:51,140 - __main__ - INFO -    + 150 exercicios importados...
2026-03-04 17:06:51,157 - __main__ - WARNING - Musculo nao encontrado: Peito
2026-03-04 17:06:51,161 - __main__ - WARNING - Musculo nao encontrado: Peito
2026-03-04 17:06:51,171 - __main__ - WARNING - Musculo nao encontrado: Peito
2026-03-04 17:06:51,176 - __main__ - WARNING - Musculo nao encontrado: Peito
2026-03-04 17:06:51,183 - __main__ - WARNING - Musculo nao encontrado: Peito
2026-03-04 17:06:51,191 - __main__ - WARNING - Musculo nao encontrado: Peito
2026-03-04 17:06:51,194 - __main__ - WARNING - Musculo nao encontrado: Inferior-Das-Costas
2026-03-04 17:06:51,205 - __main__ - WARNING - Musculo nao encontrado: Dorsais
2026-03-04 17:06:51,222 - __main__ - WARNING - Musculo nao encontrado: Pescoco
2026-03-04 17:06:51,246 - __main__ - WARNING - Musculo nao encontrado: Isquiotibiais
2026-03-04 17:06:51,253 - __main__ - WARNING - Musculo nao encontrado: Isquiotibiais
2026-03-04 17:06:51,270 - __main__ - WARNING - Musculo nao encontrado: Trapezio
2026-03-04 17:06:51,294 - __main__ - WARNING - Musculo nao encontrado: Peito
2026-03-04 17:06:51,327 - __main__ - WARNING - Musculo nao encontrado: Dorsais
2026-03-04 17:06:51,373 - __main__ - WARNING - Musculo nao encontrado: Peito
2026-03-04 17:06:51,378 - __main__ - WARNING - Musculo nao encontrado: Inferior-Das-Costas
2026-03-04 17:06:51,412 - __main__ - WARNING - Musculo nao encontrado: Inferior-Das-Costas
2026-03-04 17:06:51,424 - __main__ - WARNING - Musculo nao encontrado: Inferior-Das-Costas
2026-03-04 17:06:51,428 - __main__ - WARNING - Musculo nao encontrado: Inferior-Das-Costas
2026-03-04 17:06:51,437 - __main__ - WARNING - Musculo nao encontrado: Peito
2026-03-04 17:06:51,454 - __main__ - WARNING - Musculo nao encontrado: Peito
2026-03-04 17:06:51,458 - __main__ - WARNING - Musculo nao encontrado: Peito
2026-03-04 17:06:51,470 - __main__ - INFO -    + 200 exercicios importados...
2026-03-04 17:06:51,480 - __main__ - WARNING - Musculo nao encontrado: Peito
2026-03-04 17:06:51,493 - __main__ - WARNING - Musculo nao encontrado: Peito
2026-03-04 17:06:51,502 - __main__ - WARNING - Musculo nao encontrado: Inferior-Das-Costas
2026-03-04 17:06:51,522 - __main__ - WARNING - Musculo nao encontrado: Peito
2026-03-04 17:06:51,539 - __main__ - WARNING - Musculo nao encontrado: Isquiotibiais
2026-03-04 17:06:51,571 - __main__ - WARNING - Musculo nao encontrado: Gluteos
2026-03-04 17:06:51,576 - __main__ - WARNING - Musculo nao encontrado: Peito
2026-03-04 17:06:51,586 - __main__ - WARNING - Musculo nao encontrado: Peito
2026-03-04 17:06:51,589 - __main__ - WARNING - Musculo nao encontrado: Peito
2026-03-04 17:06:51,597 - __main__ - WARNING - Musculo nao encontrado: Isquiotibiais
2026-03-04 17:06:51,610 - __main__ - WARNING - Musculo nao encontrado: Peito
2026-03-04 17:06:51,621 - __main__ - WARNING - Musculo nao encontrado: Meio-Das-Costas
2026-03-04 17:06:51,641 - __main__ - WARNING - Musculo nao encontrado: Antebracos
2026-03-04 17:06:51,651 - __main__ - WARNING - Musculo nao encontrado: Antebracos
2026-03-04 17:06:51,704 - __main__ - WARNING - Musculo nao encontrado: Trapezio
2026-03-04 17:06:51,734 - __main__ - INFO -    + 250 exercicios importados...
2026-03-04 17:06:51,736 - __main__ - WARNING - Musculo nao encontrado: Dorsais
2026-03-04 17:06:51,742 - __main__ - WARNING - Musculo nao encontrado: Peito
2026-03-04 17:06:51,777 - __main__ - WARNING - Musculo nao encontrado: Peito
2026-03-04 17:06:51,794 - __main__ - WARNING - Musculo nao encontrado: Dorsais
2026-03-04 17:06:51,822 - __main__ - WARNING - Musculo nao encontrado: Peito
2026-03-04 17:06:51,854 - __main__ - WARNING - Musculo nao encontrado: Antebracos
2026-03-04 17:06:51,864 - __main__ - WARNING - Musculo nao encontrado: Antebracos
2026-03-04 17:06:51,872 - __main__ - WARNING - Musculo nao encontrado: Peito
2026-03-04 17:06:51,904 - __main__ - WARNING - Musculo nao encontrado: Isquiotibiais
2026-03-04 17:06:51,926 - __main__ - WARNING - Musculo nao encontrado: Gluteos
2026-03-04 17:06:51,936 - __main__ - WARNING - Musculo nao encontrado: Peito
2026-03-04 17:06:51,976 - __main__ - WARNING - Musculo nao encontrado: Isquiotibiais
2026-03-04 17:06:52,007 - __main__ - WARNING - Musculo nao encontrado: Isquiotibiais
2026-03-04 17:06:52,017 - __main__ - WARNING - Musculo nao encontrado: Peito
2026-03-04 17:06:52,040 - __main__ - WARNING - Musculo nao encontrado: Dorsais
2026-03-04 17:06:52,050 - __main__ - WARNING - Musculo nao encontrado: Dorsais
2026-03-04 17:06:52,058 - __main__ - WARNING - Musculo nao encontrado: Isquiotibiais
2026-03-04 17:06:52,061 - __main__ - INFO -    + 300 exercicios importados...
2026-03-04 17:06:52,070 - __main__ - WARNING - Musculo nao encontrado: Gluteos
2026-03-04 17:06:52,090 - __main__ - WARNING - Musculo nao encontrado: Isquiotibiais
2026-03-04 17:06:52,094 - __main__ - WARNING - Musculo nao encontrado: Isquiotibiais
2026-03-04 17:06:52,130 - __main__ - WARNING - Musculo nao encontrado: Peito
2026-03-04 17:06:52,138 - __main__ - WARNING - Musculo nao encontrado: Isquiotibiais
2026-03-04 17:06:52,142 - __main__ - WARNING - Musculo nao encontrado: Isquiotibiais
2026-03-04 17:06:52,162 - __main__ - WARNING - Musculo nao encontrado: Isquiotibiais
2026-03-04 17:06:52,174 - __main__ - WARNING - Musculo nao encontrado: Isquiotibiais
2026-03-04 17:06:52,178 - __main__ - WARNING - Musculo nao encontrado: Isquiotibiais
2026-03-04 17:06:52,207 - __main__ - WARNING - Musculo nao encontrado: Peito
2026-03-04 17:06:52,220 - __main__ - WARNING - Musculo nao encontrado: Gluteos
2026-03-04 17:06:52,231 - __main__ - WARNING - Musculo nao encontrado: Gluteos
2026-03-04 17:06:52,242 - __main__ - WARNING - Musculo nao encontrado: Inferior-Das-Costas
2026-03-04 17:06:52,249 - __main__ - WARNING - Musculo nao encontrado: Inferior-Das-Costas
2026-03-04 17:06:52,254 - __main__ - WARNING - Musculo nao encontrado: Isquiotibiais
2026-03-04 17:06:52,258 - __main__ - WARNING - Musculo nao encontrado: Inferior-Das-Costas
2026-03-04 17:06:52,272 - __main__ - WARNING - Musculo nao encontrado: Inferior-Das-Costas
2026-03-04 17:06:52,292 - __main__ - WARNING - Musculo nao encontrado: Isquiotibiais
2026-03-04 17:06:52,302 - __main__ - WARNING - Musculo nao encontrado: Meio-Das-Costas
2026-03-04 17:06:52,308 - __main__ - WARNING - Musculo nao encontrado: Peito
2026-03-04 17:06:52,320 - __main__ - WARNING - Musculo nao encontrado: Peito
2026-03-04 17:06:52,325 - __main__ - WARNING - Musculo nao encontrado: Peito
2026-03-04 17:06:52,349 - __main__ - WARNING - Musculo nao encontrado: Peito
2026-03-04 17:06:52,361 - __main__ - WARNING - Musculo nao encontrado: Peito
2026-03-04 17:06:52,372 - __main__ - WARNING - Musculo nao encontrado: Peito
2026-03-04 17:06:52,388 - __main__ - WARNING - Musculo nao encontrado: Peito
2026-03-04 17:06:52,398 - __main__ - WARNING - Musculo nao encontrado: Peito
2026-03-04 17:06:52,406 - __main__ - WARNING - Musculo nao encontrado: Peito
2026-03-04 17:06:52,409 - __main__ - INFO -    + 350 exercicios importados...
2026-03-04 17:06:52,411 - __main__ - WARNING - Musculo nao encontrado: Peito
2026-03-04 17:06:52,421 - __main__ - WARNING - Musculo nao encontrado: Peito
2026-03-04 17:06:52,432 - __main__ - WARNING - Musculo nao encontrado: Isquiotibiais
2026-03-04 17:06:52,456 - __main__ - WARNING - Musculo nao encontrado: Meio-Das-Costas
2026-03-04 17:06:52,459 - __main__ - WARNING - Musculo nao encontrado: Meio-Das-Costas
2026-03-04 17:06:52,473 - __main__ - WARNING - Musculo nao encontrado: Peito
2026-03-04 17:06:52,478 - __main__ - WARNING - Musculo nao encontrado: Pescoco
2026-03-04 17:06:52,493 - __main__ - WARNING - Musculo nao encontrado: Pescoco
2026-03-04 17:06:52,500 - __main__ - WARNING - Musculo nao encontrado: Peito
2026-03-04 17:06:52,541 - __main__ - WARNING - Musculo nao encontrado: Inferior-Das-Costas
2026-03-04 17:06:52,557 - __main__ - WARNING - Musculo nao encontrado: Isquiotibiais
2026-03-04 17:06:52,570 - __main__ - WARNING - Musculo nao encontrado: Isquiotibiais
2026-03-04 17:06:52,574 - __main__ - WARNING - Musculo nao encontrado: Isquiotibiais
2026-03-04 17:06:52,618 - __main__ - WARNING - Musculo nao encontrado: Trapezio
2026-03-04 17:06:52,637 - __main__ - WARNING - Musculo nao encontrado: Dorsais
2026-03-04 17:06:52,640 - __main__ - WARNING - Musculo nao encontrado: Gluteos
2026-03-04 17:06:52,651 - __main__ - WARNING - Musculo nao encontrado: Isquiotibiais
2026-03-04 17:06:52,675 - __main__ - WARNING - Musculo nao encontrado: Antebracos
2026-03-04 17:06:52,678 - __main__ - WARNING - Musculo nao encontrado: Dorsais
2026-03-04 17:06:52,692 - __main__ - WARNING - Musculo nao encontrado: Gluteos
2026-03-04 17:06:52,696 - __main__ - WARNING - Musculo nao encontrado: Dorsais
2026-03-04 17:06:52,707 - __main__ - WARNING - Musculo nao encontrado: Gluteos
2026-03-04 17:06:52,709 - __main__ - INFO -    + 400 exercicios importados...
2026-03-04 17:06:52,738 - __main__ - WARNING - Musculo nao encontrado: Dorsais
2026-03-04 17:06:52,741 - __main__ - WARNING - Musculo nao encontrado: Peito
2026-03-04 17:06:52,771 - __main__ - WARNING - Musculo nao encontrado: Isquiotibiais
2026-03-04 17:06:52,776 - __main__ - WARNING - Musculo nao encontrado: Gluteos
2026-03-04 17:06:52,795 - __main__ - WARNING - Musculo nao encontrado: Peito
2026-03-04 17:06:52,807 - __main__ - WARNING - Musculo nao encontrado: Peito
2026-03-04 17:06:52,810 - __main__ - WARNING - Musculo nao encontrado: Meio-Das-Costas
2026-03-04 17:06:52,816 - __main__ - WARNING - Musculo nao encontrado: Peito
2026-03-04 17:06:52,819 - __main__ - WARNING - Musculo nao encontrado: Dorsais
2026-03-04 17:06:52,825 - __main__ - WARNING - Musculo nao encontrado: Trapezio
2026-03-04 17:06:52,837 - __main__ - WARNING - Musculo nao encontrado: Isquiotibiais
2026-03-04 17:06:52,841 - __main__ - WARNING - Musculo nao encontrado: Isquiotibiais
2026-03-04 17:06:52,859 - __main__ - WARNING - Musculo nao encontrado: Dorsais
2026-03-04 17:06:52,872 - __main__ - WARNING - Musculo nao encontrado: Peito
2026-03-04 17:06:52,893 - __main__ - WARNING - Musculo nao encontrado: Inferior-Das-Costas
2026-03-04 17:06:52,908 - __main__ - WARNING - Musculo nao encontrado: Isquiotibiais
2026-03-04 17:06:52,927 - __main__ - WARNING - Musculo nao encontrado: Meio-Das-Costas
2026-03-04 17:06:52,959 - __main__ - WARNING - Musculo nao encontrado: Pescoco
2026-03-04 17:06:52,971 - __main__ - WARNING - Musculo nao encontrado: Pescoco
2026-03-04 17:06:52,974 - __main__ - WARNING - Musculo nao encontrado: Gluteos
2026-03-04 17:06:52,977 - __main__ - WARNING - Musculo nao encontrado: Isquiotibiais
2026-03-04 17:06:52,987 - __main__ - WARNING - Musculo nao encontrado: Isquiotibiais
2026-03-04 17:06:53,005 - __main__ - INFO -    + 450 exercicios importados...
2026-03-04 17:06:53,023 - __main__ - WARNING - Musculo nao encontrado: Meio-Das-Costas
2026-03-04 17:06:53,036 - __main__ - WARNING - Musculo nao encontrado: Peito
2026-03-04 17:06:53,060 - __main__ - WARNING - Musculo nao encontrado: Peito
2026-03-04 17:06:53,084 - __main__ - WARNING - Musculo nao encontrado: Meio-Das-Costas
2026-03-04 17:06:53,087 - __main__ - WARNING - Musculo nao encontrado: Meio-Das-Costas
2026-03-04 17:06:53,090 - __main__ - WARNING - Musculo nao encontrado: Meio-Das-Costas
2026-03-04 17:06:53,103 - __main__ - WARNING - Musculo nao encontrado: Isquiotibiais
2026-03-04 17:06:53,106 - __main__ - WARNING - Musculo nao encontrado: Isquiotibiais
2026-03-04 17:06:53,109 - __main__ - WARNING - Musculo nao encontrado: Dorsais
2026-03-04 17:06:53,137 - __main__ - WARNING - Musculo nao encontrado: Isquiotibiais
2026-03-04 17:06:53,141 - __main__ - WARNING - Musculo nao encontrado: Pescoco
2026-03-04 17:06:53,154 - __main__ - WARNING - Musculo nao encontrado: Peito
2026-03-04 17:06:53,173 - __main__ - WARNING - Musculo nao encontrado: Meio-Das-Costas
2026-03-04 17:06:53,184 - __main__ - WARNING - Musculo nao encontrado: Peito
2026-03-04 17:06:53,201 - __main__ - WARNING - Musculo nao encontrado: Isquiotibiais
2026-03-04 17:06:53,210 - __main__ - WARNING - Musculo nao encontrado: Peito
2026-03-04 17:06:53,249 - __main__ - WARNING - Musculo nao encontrado: Meio-Das-Costas
2026-03-04 17:06:53,270 - __main__ - WARNING - Musculo nao encontrado: Isquiotibiais
2026-03-04 17:06:53,273 - __main__ - WARNING - Musculo nao encontrado: Meio-Das-Costas
2026-03-04 17:06:53,279 - __main__ - INFO -    + 500 exercicios importados...
2026-03-04 17:06:53,283 - __main__ - WARNING - Musculo nao encontrado: Isquiotibiais
2026-03-04 17:06:53,304 - __main__ - WARNING - Musculo nao encontrado: Gluteos
2026-03-04 17:06:53,309 - __main__ - WARNING - Musculo nao encontrado: Dorsais
2026-03-04 17:06:53,320 - __main__ - WARNING - Musculo nao encontrado: Meio-Das-Costas
2026-03-04 17:06:53,327 - __main__ - WARNING - Musculo nao encontrado: Peito
2026-03-04 17:06:53,354 - __main__ - WARNING - Musculo nao encontrado: Dorsais
2026-03-04 17:06:53,375 - __main__ - WARNING - Musculo nao encontrado: Dorsais
2026-03-04 17:06:53,379 - __main__ - WARNING - Musculo nao encontrado: Gluteos
2026-03-04 17:06:53,389 - __main__ - WARNING - Musculo nao encontrado: Isquiotibiais
2026-03-04 17:06:53,404 - __main__ - WARNING - Musculo nao encontrado: Dorsais
2026-03-04 17:06:53,409 - __main__ - WARNING - Musculo nao encontrado: Dorsais
2026-03-04 17:06:53,446 - __main__ - WARNING - Musculo nao encontrado: Antebracos
2026-03-04 17:06:53,452 - __main__ - WARNING - Musculo nao encontrado: Antebracos
2026-03-04 17:06:53,455 - __main__ - WARNING - Musculo nao encontrado: Antebracos
2026-03-04 17:06:53,458 - __main__ - WARNING - Musculo nao encontrado: Antebracos
2026-03-04 17:06:53,475 - __main__ - WARNING - Musculo nao encontrado: Inferior-Das-Costas
2026-03-04 17:06:53,486 - __main__ - WARNING - Musculo nao encontrado: Gluteos
2026-03-04 17:06:53,491 - __main__ - WARNING - Musculo nao encontrado: Gluteos
2026-03-04 17:06:53,505 - __main__ - WARNING - Musculo nao encontrado: Antebracos
2026-03-04 17:06:53,520 - __main__ - WARNING - Musculo nao encontrado: Isquiotibiais
2026-03-04 17:06:53,527 - __main__ - WARNING - Musculo nao encontrado: Peito
2026-03-04 17:06:53,537 - __main__ - WARNING - Musculo nao encontrado: Peito
2026-03-04 17:06:53,546 - __main__ - WARNING - Musculo nao encontrado: Isquiotibiais
2026-03-04 17:06:53,555 - __main__ - WARNING - Musculo nao encontrado: Isquiotibiais
2026-03-04 17:06:53,572 - __main__ - INFO -    + 550 exercicios importados...
2026-03-04 17:06:53,575 - __main__ - WARNING - Musculo nao encontrado: Isquiotibiais
2026-03-04 17:06:53,589 - __main__ - WARNING - Musculo nao encontrado: Isquiotibiais
2026-03-04 17:06:53,609 - __main__ - WARNING - Musculo nao encontrado: Isquiotibiais
2026-03-04 17:06:53,619 - __main__ - WARNING - Musculo nao encontrado: Isquiotibiais
2026-03-04 17:06:53,625 - __main__ - WARNING - Musculo nao encontrado: Gluteos
2026-03-04 17:06:53,628 - __main__ - WARNING - Musculo nao encontrado: Dorsais
2026-03-04 17:06:53,640 - __main__ - WARNING - Musculo nao encontrado: Peito
2026-03-04 17:06:53,655 - __main__ - WARNING - Musculo nao encontrado: Peito
2026-03-04 17:06:53,659 - __main__ - WARNING - Musculo nao encontrado: Peito
2026-03-04 17:06:53,687 - __main__ - WARNING - Musculo nao encontrado: Peito
2026-03-04 17:06:53,693 - __main__ - WARNING - Musculo nao encontrado: Peito
2026-03-04 17:06:53,704 - __main__ - WARNING - Musculo nao encontrado: Peito
2026-03-04 17:06:53,708 - __main__ - WARNING - Musculo nao encontrado: Inferior-Das-Costas
2026-03-04 17:06:53,738 - __main__ - WARNING - Musculo nao encontrado: Inferior-Das-Costas
2026-03-04 17:06:53,744 - __main__ - WARNING - Musculo nao encontrado: Inferior-Das-Costas
2026-03-04 17:06:53,787 - __main__ - WARNING - Musculo nao encontrado: Inferior-Das-Costas
2026-03-04 17:06:53,802 - __main__ - WARNING - Musculo nao encontrado: Isquiotibiais
2026-03-04 17:06:53,841 - __main__ - WARNING - Musculo nao encontrado: Meio-Das-Costas
2026-03-04 17:06:53,855 - __main__ - WARNING - Musculo nao encontrado: Isquiotibiais
2026-03-04 17:06:53,876 - __main__ - WARNING - Musculo nao encontrado: Meio-Das-Costas
2026-03-04 17:06:53,886 - __main__ - WARNING - Musculo nao encontrado: Antebracos
2026-03-04 17:06:53,908 - __main__ - INFO -    + 600 exercicios importados...
2026-03-04 17:06:53,928 - __main__ - WARNING - Musculo nao encontrado: Dorsais
2026-03-04 17:06:53,941 - __main__ - WARNING - Musculo nao encontrado: Isquiotibiais
2026-03-04 17:06:53,949 - __main__ - WARNING - Musculo nao encontrado: Isquiotibiais
2026-03-04 17:06:53,961 - __main__ - WARNING - Musculo nao encontrado: Dorsais
2026-03-04 17:06:53,988 - __main__ - WARNING - Musculo nao encontrado: Dorsais
2026-03-04 17:06:54,005 - __main__ - WARNING - Musculo nao encontrado: Isquiotibiais
2026-03-04 17:06:54,035 - __main__ - WARNING - Musculo nao encontrado: Trapezio
2026-03-04 17:06:54,056 - __main__ - WARNING - Musculo nao encontrado: Isquiotibiais
2026-03-04 17:06:54,096 - __main__ - WARNING - Musculo nao encontrado: Meio-Das-Costas
2026-03-04 17:06:54,132 - __main__ - WARNING - Musculo nao encontrado: Antebracos
2026-03-04 17:06:54,138 - __main__ - WARNING - Musculo nao encontrado: Antebracos
2026-03-04 17:06:54,154 - __main__ - WARNING - Musculo nao encontrado: Isquiotibiais
2026-03-04 17:06:54,172 - __main__ - WARNING - Musculo nao encontrado: Gluteos
2026-03-04 17:06:54,177 - __main__ - WARNING - Musculo nao encontrado: Inferior-Das-Costas
2026-03-04 17:06:54,188 - __main__ - WARNING - Musculo nao encontrado: Isquiotibiais
2026-03-04 17:06:54,199 - __main__ - WARNING - Musculo nao encontrado: Isquiotibiais
2026-03-04 17:06:54,207 - __main__ - WARNING - Musculo nao encontrado: Pescoco
2026-03-04 17:06:54,214 - __main__ - WARNING - Musculo nao encontrado: Isquiotibiais
2026-03-04 17:06:54,235 - __main__ - WARNING - Musculo nao encontrado: Antebracos
2026-03-04 17:06:54,240 - __main__ - WARNING - Musculo nao encontrado: Antebracos
2026-03-04 17:06:54,246 - __main__ - WARNING - Musculo nao encontrado: Meio-Das-Costas
2026-03-04 17:06:54,264 - __main__ - WARNING - Musculo nao encontrado: Antebracos
2026-03-04 17:06:54,273 - __main__ - INFO -    + 650 exercicios importados...
2026-03-04 17:06:54,276 - __main__ - WARNING - Musculo nao encontrado: Antebracos
2026-03-04 17:06:54,304 - __main__ - WARNING - Musculo nao encontrado: Antebracos
2026-03-04 17:06:54,316 - __main__ - WARNING - Musculo nao encontrado: Dorsais
2026-03-04 17:06:54,352 - __main__ - WARNING - Musculo nao encontrado: Dorsais
2026-03-04 17:06:54,399 - __main__ - WARNING - Musculo nao encontrado: Pescoco
2026-03-04 17:06:54,409 - __main__ - WARNING - Musculo nao encontrado: Dorsais
2026-03-04 17:06:54,431 - __main__ - WARNING - Musculo nao encontrado: Peito
2026-03-04 17:06:54,445 - __main__ - WARNING - Musculo nao encontrado: Peito
2026-03-04 17:06:54,493 - __main__ - WARNING - Musculo nao encontrado: Gluteos
2026-03-04 17:06:54,540 - __main__ - WARNING - Musculo nao encontrado: Meio-Das-Costas
2026-03-04 17:06:54,558 - __main__ - WARNING - Musculo nao encontrado: Trapezio
2026-03-04 17:06:54,562 - __main__ - WARNING - Musculo nao encontrado: Peito
2026-03-04 17:06:54,571 - __main__ - WARNING - Musculo nao encontrado: Meio-Das-Costas
2026-03-04 17:06:54,573 - __main__ - INFO -    + 700 exercicios importados...
2026-03-04 17:06:54,589 - __main__ - WARNING - Musculo nao encontrado: Peito
2026-03-04 17:06:54,597 - __main__ - WARNING - Musculo nao encontrado: Isquiotibiais
2026-03-04 17:06:54,607 - __main__ - WARNING - Musculo nao encontrado: Peito
2026-03-04 17:06:54,639 - __main__ - WARNING - Musculo nao encontrado: Isquiotibiais
2026-03-04 17:06:54,642 - __main__ - WARNING - Musculo nao encontrado: Trapezio
2026-03-04 17:06:54,666 - __main__ - WARNING - Musculo nao encontrado: Isquiotibiais
2026-03-04 17:06:54,671 - __main__ - WARNING - Musculo nao encontrado: Isquiotibiais
2026-03-04 17:06:54,674 - __main__ - WARNING - Musculo nao encontrado: Trapezio
2026-03-04 17:06:54,713 - __main__ - WARNING - Musculo nao encontrado: Meio-Das-Costas
2026-03-04 17:06:54,727 - __main__ - WARNING - Musculo nao encontrado: Isquiotibiais
2026-03-04 17:06:54,738 - __main__ - WARNING - Musculo nao encontrado: Isquiotibiais
2026-03-04 17:06:54,804 - __main__ - WARNING - Musculo nao encontrado: Peito
2026-03-04 17:06:54,810 - __main__ - INFO -    + 750 exercicios importados...
2026-03-04 17:06:54,848 - __main__ - WARNING - Musculo nao encontrado: Trapezio
2026-03-04 17:06:54,861 - __main__ - WARNING - Musculo nao encontrado: Isquiotibiais
2026-03-04 17:06:54,888 - __main__ - WARNING - Musculo nao encontrado: Isquiotibiais
2026-03-04 17:06:54,910 - __main__ - WARNING - Musculo nao encontrado: Antebracos
2026-03-04 17:06:54,944 - __main__ - WARNING - Musculo nao encontrado: Antebracos
2026-03-04 17:06:54,957 - __main__ - WARNING - Musculo nao encontrado: Inferior-Das-Costas
2026-03-04 17:06:54,969 - __main__ - WARNING - Musculo nao encontrado: Isquiotibiais
2026-03-04 17:06:54,988 - __main__ - WARNING - Musculo nao encontrado: Gluteos
2026-03-04 17:06:54,998 - __main__ - WARNING - Musculo nao encontrado: Isquiotibiais
2026-03-04 17:06:55,006 - __main__ - WARNING - Musculo nao encontrado: Isquiotibiais
2026-03-04 17:06:55,011 - __main__ - WARNING - Musculo nao encontrado: Inferior-Das-Costas
2026-03-04 17:06:55,026 - __main__ - WARNING - Musculo nao encontrado: Peito
2026-03-04 17:06:55,030 - __main__ - WARNING - Musculo nao encontrado: Dorsais
2026-03-04 17:06:55,039 - __main__ - WARNING - Musculo nao encontrado: Meio-Das-Costas
2026-03-04 17:06:55,058 - __main__ - WARNING - Musculo nao encontrado: Isquiotibiais
2026-03-04 17:06:55,060 - __main__ - WARNING - Musculo nao encontrado: Isquiotibiais
2026-03-04 17:06:55,066 - __main__ - INFO -    + 800 exercicios importados...
2026-03-04 17:06:55,071 - __main__ - WARNING - Musculo nao encontrado: Isquiotibiais
2026-03-04 17:06:55,077 - __main__ - WARNING - Musculo nao encontrado: Inferior-Das-Costas
2026-03-04 17:06:55,106 - __main__ - WARNING - Musculo nao encontrado: Peito
2026-03-04 17:06:55,120 - __main__ - WARNING - Musculo nao encontrado: Meio-Das-Costas
2026-03-04 17:06:55,126 - __main__ - WARNING - Musculo nao encontrado: Peito
2026-03-04 17:06:55,129 - __main__ - WARNING - Musculo nao encontrado: Meio-Das-Costas
2026-03-04 17:06:55,139 - __main__ - WARNING - Musculo nao encontrado: Isquiotibiais
2026-03-04 17:06:55,218 - __main__ - WARNING - Musculo nao encontrado: Meio-Das-Costas
2026-03-04 17:06:55,225 - __main__ - WARNING - Musculo nao encontrado: Dorsais
2026-03-04 17:06:55,233 - __main__ - WARNING - Musculo nao encontrado: Isquiotibiais
2026-03-04 17:06:55,236 - __main__ - WARNING - Musculo nao encontrado: Meio-Das-Costas
2026-03-04 17:06:55,241 - __main__ - WARNING - Musculo nao encontrado: Trapezio
2026-03-04 17:06:55,245 - __main__ - WARNING - Musculo nao encontrado: Trapezio
2026-03-04 17:06:55,267 - __main__ - WARNING - Musculo nao encontrado: Dorsais
2026-03-04 17:06:55,271 - __main__ - WARNING - Musculo nao encontrado: Dorsais
2026-03-04 17:06:55,276 - __main__ - WARNING - Musculo nao encontrado: Isquiotibiais
2026-03-04 17:06:55,304 - __main__ - WARNING - Musculo nao encontrado: Inferior-Das-Costas
2026-03-04 17:06:55,335 - __main__ - INFO -    + 850 exercicios importados...
2026-03-04 17:06:55,339 - __main__ - WARNING - Musculo nao encontrado: Dorsais
2026-03-04 17:06:55,369 - __main__ - WARNING - Musculo nao encontrado: Peito
2026-03-04 17:06:55,376 - __main__ - WARNING - Musculo nao encontrado: Peito
2026-03-04 17:06:55,390 - __main__ - WARNING - Musculo nao encontrado: Peito
2026-03-04 17:06:55,405 - __main__ - WARNING - Musculo nao encontrado: Dorsais
2026-03-04 17:06:55,425 - __main__ - WARNING - Musculo nao encontrado: Dorsais
2026-03-04 17:06:55,433 - __main__ - WARNING - Musculo nao encontrado: Dorsais
2026-03-04 17:06:55,454 - __main__ - WARNING - Musculo nao encontrado: Isquiotibiais
2026-03-04 17:06:55,478 - __main__ - WARNING - Musculo nao encontrado: Isquiotibiais
2026-03-04 17:06:55,486 - __main__ - WARNING - Musculo nao encontrado: Antebracos
2026-03-04 17:06:55,490 - __main__ - WARNING - Musculo nao encontrado: Antebracos
2026-03-04 17:06:55,495 - __main__ - WARNING - Musculo nao encontrado: Antebracos
2026-03-04 17:06:55,534 - __main__ - INFO - 
TOTAL NA TABELA: 17
2026-03-04 17:06:55,535 - __main__ - INFO -    Com musculo: 17
2026-03-04 17:06:55,542 - __main__ - INFO -    Sem musculo: 0
2026-03-04 17:52:51,077 - app - INFO - FitLog iniciado
2026-03-04 17:52:51,208 - app - INFO - Tabelas verificadas/criadas
2026-03-04 17:52:51,219 - app - INFO - Blueprint main registrado em /
2026-03-04 17:52:51,222 - app - INFO - Blueprint auth registrado em /auth
2026-03-04 17:52:51,237 - app - INFO - Blueprint admin registrado em /admin
2026-03-04 17:52:51,240 - app - INFO - Blueprint register registrado em /registrar
2026-03-04 17:52:51,251 - app - INFO - Blueprint stats registrado em /estatisticas
2026-03-04 17:52:51,268 - app - INFO - Blueprint version registrado em /version
2026-03-04 17:52:51,286 - app - INFO - Blueprint api registrado em /api
2026-03-04 17:52:51,289 - app - INFO - Blueprint calendar registrado em /calendar
2026-03-04 17:52:51,329 - app - INFO - Blueprint professor registrado em /professor
2026-03-04 17:52:51,335 - app - INFO - Blueprint aluno registrado em /aluno
2026-03-04 17:52:51,337 - __main__ - INFO - Verificando musculo base 'Outros'...
2026-03-04 17:52:51,347 - __main__ - INFO - Cache de músculos carregado: 42 entradas
2026-03-04 17:52:51,378 - __main__ - INFO - Catalogo carregado: 873 exercicios
2026-03-04 17:52:51,383 - __main__ - INFO - Exercicios ja na base: 0
2026-03-04 17:52:56,695 - __main__ - INFO - 
Iniciando importacao...

2026-03-04 17:52:56,723 - __main__ - INFO - Primeiro exercicio importado:
2026-03-04 17:52:56,724 - __main__ - INFO -    Nome: Abdominal 3/4
2026-03-04 17:52:56,725 - __main__ - INFO -    Musculo ID: 14 (Abdômen)
2026-03-04 17:52:56,726 - __main__ - INFO -    Equipamento: peso-do-corpo
2026-03-04 17:52:56,727 - __main__ - INFO -    Nivel: iniciante
2026-03-04 17:52:56,728 - __main__ - INFO -    Instrucoes: 5 itens
2026-03-04 17:52:56,777 - __main__ - WARNING - Musculo nao encontrado: Peito
2026-03-04 17:52:56,786 - __main__ - WARNING - Musculo nao encontrado: Meio-Das-Costas
2026-03-04 17:52:56,789 - __main__ - WARNING - Musculo nao encontrado: Meio-Das-Costas
2026-03-04 17:52:56,799 - __main__ - WARNING - Musculo nao encontrado: Gluteos
2026-03-04 17:52:56,819 - __main__ - WARNING - Musculo nao encontrado: Peito
2026-03-04 17:52:56,822 - __main__ - WARNING - Musculo nao encontrado: Inferior-Das-Costas
2026-03-04 17:52:56,832 - __main__ - WARNING - Musculo nao encontrado: Inferior-Das-Costas
2026-03-04 17:52:56,837 - __main__ - WARNING - Musculo nao encontrado: Inferior-Das-Costas
2026-03-04 17:52:56,866 - __main__ - WARNING - Musculo nao encontrado: Dorsais
2026-03-04 17:52:56,899 - __main__ - WARNING - Musculo nao encontrado: Peito
2026-03-04 17:52:56,906 - __main__ - WARNING - Musculo nao encontrado: Inferior-Das-Costas
2026-03-04 17:52:56,913 - __main__ - WARNING - Musculo nao encontrado: Gluteos
2026-03-04 17:52:56,916 - __main__ - WARNING - Musculo nao encontrado: Peito
2026-03-04 17:52:56,919 - __main__ - INFO -    + 50 exercicios importados...
2026-03-04 17:52:56,922 - __main__ - WARNING - Musculo nao encontrado: Gluteos
2026-03-04 17:52:56,936 - __main__ - WARNING - Musculo nao encontrado: Peito
2026-03-04 17:52:56,958 - __main__ - WARNING - Musculo nao encontrado: Trapezio
2026-03-04 17:52:56,967 - __main__ - WARNING - Musculo nao encontrado: Trapezio
2026-03-04 17:52:57,026 - __main__ - WARNING - Musculo nao encontrado: Peito
2026-03-04 17:52:57,042 - __main__ - WARNING - Musculo nao encontrado: Peito
2026-03-04 17:52:57,054 - __main__ - WARNING - Musculo nao encontrado: Dorsais
2026-03-04 17:52:57,064 - __main__ - WARNING - Musculo nao encontrado: Peito
2026-03-04 17:52:57,071 - __main__ - WARNING - Musculo nao encontrado: Meio-Das-Costas
2026-03-04 17:52:57,088 - __main__ - WARNING - Musculo nao encontrado: Meio-Das-Costas
2026-03-04 17:52:57,099 - __main__ - WARNING - Musculo nao encontrado: Meio-Das-Costas
2026-03-04 17:52:57,102 - __main__ - WARNING - Musculo nao encontrado: Meio-Das-Costas
2026-03-04 17:52:57,104 - __main__ - WARNING - Musculo nao encontrado: Meio-Das-Costas
2026-03-04 17:52:57,136 - __main__ - WARNING - Musculo nao encontrado: Peito
2026-03-04 17:52:57,146 - __main__ - WARNING - Musculo nao encontrado: Meio-Das-Costas
2026-03-04 17:52:57,155 - __main__ - WARNING - Musculo nao encontrado: Antebracos
2026-03-04 17:52:57,164 - __main__ - INFO -    + 100 exercicios importados...
2026-03-04 17:52:57,198 - __main__ - WARNING - Musculo nao encontrado: Gluteos
2026-03-04 17:52:57,205 - __main__ - WARNING - Musculo nao encontrado: Peito
2026-03-04 17:52:57,211 - __main__ - WARNING - Musculo nao encontrado: Peito
2026-03-04 17:52:57,213 - __main__ - WARNING - Musculo nao encontrado: Peito
2026-03-04 17:52:57,227 - __main__ - WARNING - Musculo nao encontrado: Dorsais
2026-03-04 17:52:57,235 - __main__ - WARNING - Musculo nao encontrado: Peito
2026-03-04 17:52:57,280 - __main__ - WARNING - Musculo nao encontrado: Trapezio
2026-03-04 17:52:57,285 - __main__ - WARNING - Musculo nao encontrado: Antebracos
2026-03-04 17:52:57,288 - __main__ - WARNING - Musculo nao encontrado: Trapezio
2026-03-04 17:52:57,327 - __main__ - WARNING - Musculo nao encontrado: Inferior-Das-Costas
2026-03-04 17:52:57,330 - __main__ - WARNING - Musculo nao encontrado: Dorsais
2026-03-04 17:52:57,334 - __main__ - WARNING - Musculo nao encontrado: Peito
2026-03-04 17:52:57,347 - __main__ - WARNING - Musculo nao encontrado: Dorsais
2026-03-04 17:52:57,350 - __main__ - INFO -    + 150 exercicios importados...
2026-03-04 17:52:57,362 - __main__ - WARNING - Musculo nao encontrado: Peito
2026-03-04 17:52:57,367 - __main__ - WARNING - Musculo nao encontrado: Peito
2026-03-04 17:52:57,376 - __main__ - WARNING - Musculo nao encontrado: Peito
2026-03-04 17:52:57,383 - __main__ - WARNING - Musculo nao encontrado: Peito
2026-03-04 17:52:57,386 - __main__ - WARNING - Musculo nao encontrado: Peito
2026-03-04 17:52:57,395 - __main__ - WARNING - Musculo nao encontrado: Peito
2026-03-04 17:52:57,399 - __main__ - WARNING - Musculo nao encontrado: Inferior-Das-Costas
2026-03-04 17:52:57,403 - __main__ - WARNING - Musculo nao encontrado: Dorsais
2026-03-04 17:52:57,405 - __main__ - WARNING - Musculo nao encontrado: Pescoco
2026-03-04 17:52:57,430 - __main__ - WARNING - Musculo nao encontrado: Trapezio
2026-03-04 17:52:57,447 - __main__ - WARNING - Musculo nao encontrado: Peito
2026-03-04 17:52:57,463 - __main__ - WARNING - Musculo nao encontrado: Dorsais
2026-03-04 17:52:57,487 - __main__ - WARNING - Musculo nao encontrado: Peito
2026-03-04 17:52:57,490 - __main__ - WARNING - Musculo nao encontrado: Inferior-Das-Costas
2026-03-04 17:52:57,516 - __main__ - WARNING - Musculo nao encontrado: Inferior-Das-Costas
2026-03-04 17:52:57,522 - __main__ - WARNING - Musculo nao encontrado: Inferior-Das-Costas
2026-03-04 17:52:57,531 - __main__ - WARNING - Musculo nao encontrado: Inferior-Das-Costas
2026-03-04 17:52:57,534 - __main__ - WARNING - Musculo nao encontrado: Peito
2026-03-04 17:52:57,544 - __main__ - WARNING - Musculo nao encontrado: Peito
2026-03-04 17:52:57,547 - __main__ - WARNING - Musculo nao encontrado: Peito
2026-03-04 17:52:57,551 - __main__ - INFO -    + 200 exercicios importados...
2026-03-04 17:52:57,563 - __main__ - WARNING - Musculo nao encontrado: Peito
2026-03-04 17:52:57,568 - __main__ - WARNING - Musculo nao encontrado: Peito
2026-03-04 17:52:57,570 - __main__ - WARNING - Musculo nao encontrado: Inferior-Das-Costas
2026-03-04 17:52:57,592 - __main__ - WARNING - Musculo nao encontrado: Peito
2026-03-04 17:52:57,615 - __main__ - WARNING - Musculo nao encontrado: Gluteos
2026-03-04 17:52:57,619 - __main__ - WARNING - Musculo nao encontrado: Peito
2026-03-04 17:52:57,634 - __main__ - WARNING - Musculo nao encontrado: Peito
2026-03-04 17:52:57,638 - __main__ - WARNING - Musculo nao encontrado: Peito
2026-03-04 17:52:57,661 - __main__ - WARNING - Musculo nao encontrado: Peito
2026-03-04 17:52:57,664 - __main__ - WARNING - Musculo nao encontrado: Meio-Das-Costas
2026-03-04 17:52:57,680 - __main__ - WARNING - Musculo nao encontrado: Antebracos
2026-03-04 17:52:57,686 - __main__ - WARNING - Musculo nao encontrado: Antebracos
2026-03-04 17:52:57,730 - __main__ - WARNING - Musculo nao encontrado: Trapezio
2026-03-04 17:52:57,748 - __main__ - INFO -    + 250 exercicios importados...
2026-03-04 17:52:57,749 - __main__ - WARNING - Musculo nao encontrado: Dorsais
2026-03-04 17:52:57,751 - __main__ - WARNING - Musculo nao encontrado: Peito
2026-03-04 17:52:57,766 - __main__ - WARNING - Musculo nao encontrado: Peito
2026-03-04 17:52:57,770 - __main__ - WARNING - Musculo nao encontrado: Dorsais
2026-03-04 17:52:57,785 - __main__ - WARNING - Musculo nao encontrado: Peito
2026-03-04 17:52:57,804 - __main__ - WARNING - Musculo nao encontrado: Antebracos
2026-03-04 17:52:57,816 - __main__ - WARNING - Musculo nao encontrado: Antebracos
2026-03-04 17:52:57,819 - __main__ - WARNING - Musculo nao encontrado: Peito
2026-03-04 17:52:57,849 - __main__ - WARNING - Musculo nao encontrado: Gluteos
2026-03-04 17:52:57,853 - __main__ - WARNING - Musculo nao encontrado: Peito
2026-03-04 17:52:57,894 - __main__ - WARNING - Musculo nao encontrado: Peito
2026-03-04 17:52:57,910 - __main__ - WARNING - Musculo nao encontrado: Dorsais
2026-03-04 17:52:57,913 - __main__ - WARNING - Musculo nao encontrado: Dorsais
2026-03-04 17:52:57,917 - __main__ - INFO -    + 300 exercicios importados...
2026-03-04 17:52:57,919 - __main__ - WARNING - Musculo nao encontrado: Gluteos
2026-03-04 17:52:57,959 - __main__ - WARNING - Musculo nao encontrado: Peito
2026-03-04 17:52:57,993 - __main__ - WARNING - Musculo nao encontrado: Peito
2026-03-04 17:52:58,002 - __main__ - WARNING - Musculo nao encontrado: Gluteos
2026-03-04 17:52:58,011 - __main__ - WARNING - Musculo nao encontrado: Gluteos
2026-03-04 17:52:58,015 - __main__ - WARNING - Musculo nao encontrado: Inferior-Das-Costas
2026-03-04 17:52:58,022 - __main__ - WARNING - Musculo nao encontrado: Inferior-Das-Costas
2026-03-04 17:52:58,036 - __main__ - WARNING - Musculo nao encontrado: Inferior-Das-Costas
2026-03-04 17:52:58,039 - __main__ - WARNING - Musculo nao encontrado: Inferior-Das-Costas
2026-03-04 17:52:58,071 - __main__ - WARNING - Musculo nao encontrado: Meio-Das-Costas
2026-03-04 17:52:58,083 - __main__ - WARNING - Musculo nao encontrado: Peito
2026-03-04 17:52:58,086 - __main__ - WARNING - Musculo nao encontrado: Peito
2026-03-04 17:52:58,088 - __main__ - WARNING - Musculo nao encontrado: Peito
2026-03-04 17:52:58,097 - __main__ - WARNING - Musculo nao encontrado: Peito
2026-03-04 17:52:58,100 - __main__ - WARNING - Musculo nao encontrado: Peito
2026-03-04 17:52:58,103 - __main__ - WARNING - Musculo nao encontrado: Peito
2026-03-04 17:52:58,118 - __main__ - WARNING - Musculo nao encontrado: Peito
2026-03-04 17:52:58,131 - __main__ - WARNING - Musculo nao encontrado: Peito
2026-03-04 17:52:58,134 - __main__ - WARNING - Musculo nao encontrado: Peito
2026-03-04 17:52:58,136 - __main__ - INFO -    + 350 exercicios importados...
2026-03-04 17:52:58,137 - __main__ - WARNING - Musculo nao encontrado: Peito
2026-03-04 17:52:58,141 - __main__ - WARNING - Musculo nao encontrado: Peito
2026-03-04 17:52:58,166 - __main__ - WARNING - Musculo nao encontrado: Meio-Das-Costas
2026-03-04 17:52:58,169 - __main__ - WARNING - Musculo nao encontrado: Meio-Das-Costas
2026-03-04 17:52:58,180 - __main__ - WARNING - Musculo nao encontrado: Peito
2026-03-04 17:52:58,182 - __main__ - WARNING - Musculo nao encontrado: Pescoco
2026-03-04 17:52:58,185 - __main__ - WARNING - Musculo nao encontrado: Pescoco
2026-03-04 17:52:58,187 - __main__ - WARNING - Musculo nao encontrado: Peito
2026-03-04 17:52:58,217 - __main__ - WARNING - Musculo nao encontrado: Inferior-Das-Costas
2026-03-04 17:52:58,253 - __main__ - WARNING - Musculo nao encontrado: Trapezio
2026-03-04 17:52:58,270 - __main__ - WARNING - Musculo nao encontrado: Dorsais
2026-03-04 17:52:58,272 - __main__ - WARNING - Musculo nao encontrado: Gluteos
2026-03-04 17:52:58,300 - __main__ - WARNING - Musculo nao encontrado: Antebracos
2026-03-04 17:52:58,306 - __main__ - WARNING - Musculo nao encontrado: Dorsais
2026-03-04 17:52:58,321 - __main__ - WARNING - Musculo nao encontrado: Gluteos
2026-03-04 17:52:58,327 - __main__ - WARNING - Musculo nao encontrado: Dorsais
2026-03-04 17:52:58,334 - __main__ - WARNING - Musculo nao encontrado: Gluteos
2026-03-04 17:52:58,336 - __main__ - INFO -    + 400 exercicios importados...
2026-03-04 17:52:58,364 - __main__ - WARNING - Musculo nao encontrado: Dorsais
2026-03-04 17:52:58,368 - __main__ - WARNING - Musculo nao encontrado: Peito
2026-03-04 17:52:58,381 - __main__ - WARNING - Musculo nao encontrado: Gluteos
2026-03-04 17:52:58,415 - __main__ - WARNING - Musculo nao encontrado: Peito
2026-03-04 17:52:58,421 - __main__ - WARNING - Musculo nao encontrado: Peito
2026-03-04 17:52:58,430 - __main__ - WARNING - Musculo nao encontrado: Meio-Das-Costas
2026-03-04 17:52:58,433 - __main__ - WARNING - Musculo nao encontrado: Peito
2026-03-04 17:52:58,435 - __main__ - WARNING - Musculo nao encontrado: Dorsais
2026-03-04 17:52:58,440 - __main__ - WARNING - Musculo nao encontrado: Trapezio
2026-03-04 17:52:58,454 - __main__ - WARNING - Musculo nao encontrado: Dorsais
2026-03-04 17:52:58,464 - __main__ - WARNING - Musculo nao encontrado: Peito
2026-03-04 17:52:58,470 - __main__ - WARNING - Musculo nao encontrado: Inferior-Das-Costas
2026-03-04 17:52:58,499 - __main__ - WARNING - Musculo nao encontrado: Meio-Das-Costas
2026-03-04 17:52:58,523 - __main__ - WARNING - Musculo nao encontrado: Pescoco
2026-03-04 17:52:58,527 - __main__ - WARNING - Musculo nao encontrado: Pescoco
2026-03-04 17:52:58,530 - __main__ - WARNING - Musculo nao encontrado: Gluteos
2026-03-04 17:52:58,550 - __main__ - INFO -    + 450 exercicios importados...
2026-03-04 17:52:58,561 - __main__ - WARNING - Musculo nao encontrado: Meio-Das-Costas
2026-03-04 17:52:58,565 - __main__ - WARNING - Musculo nao encontrado: Peito
2026-03-04 17:52:58,584 - __main__ - WARNING - Musculo nao encontrado: Peito
2026-03-04 17:52:58,599 - __main__ - WARNING - Musculo nao encontrado: Meio-Das-Costas
2026-03-04 17:52:58,601 - __main__ - WARNING - Musculo nao encontrado: Meio-Das-Costas
2026-03-04 17:52:58,604 - __main__ - WARNING - Musculo nao encontrado: Meio-Das-Costas
2026-03-04 17:52:58,618 - __main__ - WARNING - Musculo nao encontrado: Dorsais
2026-03-04 17:52:58,635 - __main__ - WARNING - Musculo nao encontrado: Pescoco
2026-03-04 17:52:58,638 - __main__ - WARNING - Musculo nao encontrado: Peito
2026-03-04 17:52:58,666 - __main__ - WARNING - Musculo nao encontrado: Meio-Das-Costas
2026-03-04 17:52:58,670 - __main__ - WARNING - Musculo nao encontrado: Peito
2026-03-04 17:52:58,693 - __main__ - WARNING - Musculo nao encontrado: Peito
2026-03-04 17:52:58,716 - __main__ - WARNING - Musculo nao encontrado: Meio-Das-Costas
2026-03-04 17:52:58,734 - __main__ - WARNING - Musculo nao encontrado: Meio-Das-Costas
2026-03-04 17:52:58,745 - __main__ - INFO -    + 500 exercicios importados...
2026-03-04 17:52:58,796 - __main__ - WARNING - Musculo nao encontrado: Gluteos
2026-03-04 17:52:58,800 - __main__ - WARNING - Musculo nao encontrado: Dorsais
2026-03-04 17:52:58,804 - __main__ - WARNING - Musculo nao encontrado: Meio-Das-Costas
2026-03-04 17:52:58,811 - __main__ - WARNING - Musculo nao encontrado: Peito
2026-03-04 17:52:58,821 - __main__ - WARNING - Musculo nao encontrado: Dorsais
2026-03-04 17:52:58,846 - __main__ - WARNING - Musculo nao encontrado: Dorsais
2026-03-04 17:52:58,849 - __main__ - WARNING - Musculo nao encontrado: Gluteos
2026-03-04 17:52:58,876 - __main__ - WARNING - Musculo nao encontrado: Dorsais
2026-03-04 17:52:58,881 - __main__ - WARNING - Musculo nao encontrado: Dorsais
2026-03-04 17:52:58,914 - __main__ - WARNING - Musculo nao encontrado: Antebracos
2026-03-04 17:52:58,918 - __main__ - WARNING - Musculo nao encontrado: Antebracos
2026-03-04 17:52:58,923 - __main__ - WARNING - Musculo nao encontrado: Antebracos
2026-03-04 17:52:58,934 - __main__ - WARNING - Musculo nao encontrado: Antebracos
2026-03-04 17:52:58,942 - __main__ - WARNING - Musculo nao encontrado: Inferior-Das-Costas
2026-03-04 17:52:58,960 - __main__ - WARNING - Musculo nao encontrado: Gluteos
2026-03-04 17:52:58,971 - __main__ - WARNING - Musculo nao encontrado: Gluteos
2026-03-04 17:52:58,986 - __main__ - WARNING - Musculo nao encontrado: Antebracos
2026-03-04 17:52:59,008 - __main__ - WARNING - Musculo nao encontrado: Peito
2026-03-04 17:52:59,018 - __main__ - WARNING - Musculo nao encontrado: Peito
2026-03-04 17:52:59,057 - __main__ - INFO -    + 550 exercicios importados...
2026-03-04 17:52:59,099 - __main__ - WARNING - Musculo nao encontrado: Gluteos
2026-03-04 17:52:59,104 - __main__ - WARNING - Musculo nao encontrado: Dorsais
2026-03-04 17:52:59,111 - __main__ - WARNING - Musculo nao encontrado: Peito
2026-03-04 17:52:59,117 - __main__ - WARNING - Musculo nao encontrado: Peito
2026-03-04 17:52:59,119 - __main__ - WARNING - Musculo nao encontrado: Peito
2026-03-04 17:52:59,134 - __main__ - WARNING - Musculo nao encontrado: Peito
2026-03-04 17:52:59,137 - __main__ - WARNING - Musculo nao encontrado: Peito
2026-03-04 17:52:59,140 - __main__ - WARNING - Musculo nao encontrado: Peito
2026-03-04 17:52:59,154 - __main__ - WARNING - Musculo nao encontrado: Inferior-Das-Costas
2026-03-04 17:52:59,185 - __main__ - WARNING - Musculo nao encontrado: Inferior-Das-Costas
2026-03-04 17:52:59,195 - __main__ - WARNING - Musculo nao encontrado: Inferior-Das-Costas
2026-03-04 17:52:59,217 - __main__ - WARNING - Musculo nao encontrado: Inferior-Das-Costas
2026-03-04 17:52:59,246 - __main__ - WARNING - Musculo nao encontrado: Meio-Das-Costas
2026-03-04 17:52:59,269 - __main__ - WARNING - Musculo nao encontrado: Meio-Das-Costas
2026-03-04 17:52:59,280 - __main__ - WARNING - Musculo nao encontrado: Antebracos
2026-03-04 17:52:59,286 - __main__ - INFO -    + 600 exercicios importados...
2026-03-04 17:52:59,294 - __main__ - WARNING - Musculo nao encontrado: Dorsais
2026-03-04 17:52:59,304 - __main__ - WARNING - Musculo nao encontrado: Dorsais
2026-03-04 17:52:59,331 - __main__ - WARNING - Musculo nao encontrado: Dorsais
2026-03-04 17:52:59,360 - __main__ - WARNING - Musculo nao encontrado: Trapezio
2026-03-04 17:52:59,387 - __main__ - WARNING - Musculo nao encontrado: Meio-Das-Costas
2026-03-04 17:52:59,413 - __main__ - WARNING - Musculo nao encontrado: Antebracos
2026-03-04 17:52:59,416 - __main__ - WARNING - Musculo nao encontrado: Antebracos
2026-03-04 17:52:59,430 - __main__ - WARNING - Musculo nao encontrado: Gluteos
2026-03-04 17:52:59,432 - __main__ - WARNING - Musculo nao encontrado: Inferior-Das-Costas
2026-03-04 17:52:59,439 - __main__ - WARNING - Musculo nao encontrado: Pescoco
2026-03-04 17:52:59,451 - __main__ - WARNING - Musculo nao encontrado: Antebracos
2026-03-04 17:52:59,453 - __main__ - WARNING - Musculo nao encontrado: Antebracos
2026-03-04 17:52:59,458 - __main__ - WARNING - Musculo nao encontrado: Meio-Das-Costas
2026-03-04 17:52:59,469 - __main__ - WARNING - Musculo nao encontrado: Antebracos
2026-03-04 17:52:59,470 - __main__ - INFO -    + 650 exercicios importados...
2026-03-04 17:52:59,472 - __main__ - WARNING - Musculo nao encontrado: Antebracos
2026-03-04 17:52:59,488 - __main__ - WARNING - Musculo nao encontrado: Antebracos
2026-03-04 17:52:59,499 - __main__ - WARNING - Musculo nao encontrado: Dorsais
2026-03-04 17:52:59,518 - __main__ - WARNING - Musculo nao encontrado: Dorsais
2026-03-04 17:52:59,546 - __main__ - WARNING - Musculo nao encontrado: Pescoco
2026-03-04 17:52:59,550 - __main__ - WARNING - Musculo nao encontrado: Dorsais
2026-03-04 17:52:59,565 - __main__ - WARNING - Musculo nao encontrado: Peito
2026-03-04 17:52:59,571 - __main__ - WARNING - Musculo nao encontrado: Peito
2026-03-04 17:52:59,604 - __main__ - WARNING - Musculo nao encontrado: Gluteos
2026-03-04 17:52:59,637 - __main__ - WARNING - Musculo nao encontrado: Meio-Das-Costas
2026-03-04 17:52:59,645 - __main__ - WARNING - Musculo nao encontrado: Trapezio
2026-03-04 17:52:59,647 - __main__ - WARNING - Musculo nao encontrado: Peito
2026-03-04 17:52:59,652 - __main__ - WARNING - Musculo nao encontrado: Meio-Das-Costas
2026-03-04 17:52:59,654 - __main__ - INFO -    + 700 exercicios importados...
2026-03-04 17:52:59,665 - __main__ - WARNING - Musculo nao encontrado: Peito
2026-03-04 17:52:59,672 - __main__ - WARNING - Musculo nao encontrado: Peito
2026-03-04 17:52:59,704 - __main__ - WARNING - Musculo nao encontrado: Trapezio
2026-03-04 17:52:59,728 - __main__ - WARNING - Musculo nao encontrado: Trapezio
2026-03-04 17:52:59,749 - __main__ - WARNING - Musculo nao encontrado: Meio-Das-Costas
2026-03-04 17:52:59,817 - __main__ - WARNING - Musculo nao encontrado: Peito
2026-03-04 17:52:59,822 - __main__ - INFO -    + 750 exercicios importados...
2026-03-04 17:52:59,851 - __main__ - WARNING - Musculo nao encontrado: Trapezio
2026-03-04 17:52:59,900 - __main__ - WARNING - Musculo nao encontrado: Antebracos
2026-03-04 17:52:59,922 - __main__ - WARNING - Musculo nao encontrado: Antebracos
2026-03-04 17:52:59,927 - __main__ - WARNING - Musculo nao encontrado: Inferior-Das-Costas
2026-03-04 17:52:59,950 - __main__ - WARNING - Musculo nao encontrado: Gluteos
2026-03-04 17:52:59,967 - __main__ - WARNING - Musculo nao encontrado: Inferior-Das-Costas
2026-03-04 17:52:59,972 - __main__ - WARNING - Musculo nao encontrado: Peito
2026-03-04 17:52:59,977 - __main__ - WARNING - Musculo nao encontrado: Dorsais
2026-03-04 17:52:59,979 - __main__ - WARNING - Musculo nao encontrado: Meio-Das-Costas
2026-03-04 17:52:59,996 - __main__ - INFO -    + 800 exercicios importados...
2026-03-04 17:53:00,002 - __main__ - WARNING - Musculo nao encontrado: Inferior-Das-Costas
2026-03-04 17:53:00,033 - __main__ - WARNING - Musculo nao encontrado: Peito
2026-03-04 17:53:00,051 - __main__ - WARNING - Musculo nao encontrado: Meio-Das-Costas
2026-03-04 17:53:00,061 - __main__ - WARNING - Musculo nao encontrado: Peito
2026-03-04 17:53:00,067 - __main__ - WARNING - Musculo nao encontrado: Meio-Das-Costas
2026-03-04 17:53:00,170 - __main__ - WARNING - Musculo nao encontrado: Meio-Das-Costas
2026-03-04 17:53:00,181 - __main__ - WARNING - Musculo nao encontrado: Dorsais
2026-03-04 17:53:00,189 - __main__ - WARNING - Musculo nao encontrado: Meio-Das-Costas
2026-03-04 17:53:00,196 - __main__ - WARNING - Musculo nao encontrado: Trapezio
2026-03-04 17:53:00,200 - __main__ - WARNING - Musculo nao encontrado: Trapezio
2026-03-04 17:53:00,213 - __main__ - WARNING - Musculo nao encontrado: Dorsais
2026-03-04 17:53:00,218 - __main__ - WARNING - Musculo nao encontrado: Dorsais
2026-03-04 17:53:00,232 - __main__ - WARNING - Musculo nao encontrado: Inferior-Das-Costas
2026-03-04 17:53:00,251 - __main__ - INFO -    + 850 exercicios importados...
2026-03-04 17:53:00,253 - __main__ - WARNING - Musculo nao encontrado: Dorsais
2026-03-04 17:53:00,270 - __main__ - WARNING - Musculo nao encontrado: Peito
2026-03-04 17:53:00,275 - __main__ - WARNING - Musculo nao encontrado: Peito
2026-03-04 17:53:00,284 - __main__ - WARNING - Musculo nao encontrado: Peito
2026-03-04 17:53:00,287 - __main__ - WARNING - Musculo nao encontrado: Dorsais
2026-03-04 17:53:00,290 - __main__ - WARNING - Musculo nao encontrado: Dorsais
2026-03-04 17:53:00,300 - __main__ - WARNING - Musculo nao encontrado: Dorsais
2026-03-04 17:53:00,335 - __main__ - WARNING - Musculo nao encontrado: Antebracos
2026-03-04 17:53:00,341 - __main__ - WARNING - Musculo nao encontrado: Antebracos
2026-03-04 17:53:00,350 - __main__ - WARNING - Musculo nao encontrado: Antebracos
2026-03-04 17:53:00,367 - __main__ - INFO - 
TOTAL NA TABELA: 17
2026-03-04 17:53:00,368 - __main__ - INFO -    Com musculo: 17
2026-03-04 17:53:00,368 - __main__ - INFO -    Sem musculo: 0
2026-03-04 17:57:13,817 - app - INFO - FitLog iniciado
2026-03-04 17:57:13,940 - app - INFO - Tabelas verificadas/criadas
2026-03-04 17:57:13,952 - app - INFO - Blueprint main registrado em /
2026-03-04 17:57:13,964 - app - INFO - Blueprint auth registrado em /auth
2026-03-04 17:57:13,978 - app - INFO - Blueprint admin registrado em /admin
2026-03-04 17:57:13,985 - app - INFO - Blueprint register registrado em /registrar
2026-03-04 17:57:13,997 - app - INFO - Blueprint stats registrado em /estatisticas
2026-03-04 17:57:14,028 - app - INFO - Blueprint version registrado em /version
2026-03-04 17:57:14,046 - app - INFO - Blueprint api registrado em /api
2026-03-04 17:57:14,050 - app - INFO - Blueprint calendar registrado em /calendar
2026-03-04 17:57:14,095 - app - INFO - Blueprint professor registrado em /professor
2026-03-04 17:57:14,105 - app - INFO - Blueprint aluno registrado em /aluno
2026-03-04 17:57:14,109 - __main__ - INFO - Verificando musculo base 'Outros'...
2026-03-04 17:57:14,120 - __main__ - INFO - Cache de músculos carregado: 42 entradas originais, 48 normalizadas
2026-03-04 17:57:14,146 - __main__ - INFO - Catalogo carregado: 873 exercicios
2026-03-04 17:57:14,151 - __main__ - INFO - Exercicios ja na base: 0
2026-03-04 17:57:21,023 - __main__ - INFO - 
Iniciando importacao...

2026-03-04 17:57:21,058 - __main__ - INFO - Primeiro exercicio importado:
2026-03-04 17:57:21,058 - __main__ - INFO -    Nome: Abdominal 3/4
2026-03-04 17:57:21,058 - __main__ - INFO -    Musculo original: abdominais
2026-03-04 17:57:21,059 - __main__ - INFO -    Musculo português: Abdômen
2026-03-04 17:57:21,059 - __main__ - INFO -    Musculo ID: 14
2026-03-04 17:57:21,060 - __main__ - INFO -    Equipamento: peso-do-corpo
2026-03-04 17:57:21,060 - __main__ - INFO -    Nivel: iniciante
2026-03-04 17:57:21,060 - __main__ - INFO -    Instrucoes: 5 itens
2026-03-04 17:57:21,198 - __main__ - INFO -    + 50 exercicios importados...
2026-03-04 17:57:21,353 - __main__ - INFO -    + 100 exercicios importados...
2026-03-04 17:57:21,476 - __main__ - INFO -    + 150 exercicios importados...
2026-03-04 17:57:21,600 - __main__ - INFO -    + 200 exercicios importados...
2026-03-04 17:57:21,726 - __main__ - INFO -    + 250 exercicios importados...
2026-03-04 17:57:21,844 - __main__ - INFO -    + 300 exercicios importados...
2026-03-04 17:57:21,976 - __main__ - INFO -    + 350 exercicios importados...
2026-03-04 17:57:22,106 - __main__ - INFO -    + 400 exercicios importados...
2026-03-04 17:57:22,237 - __main__ - INFO -    + 450 exercicios importados...
2026-03-04 17:57:22,373 - __main__ - INFO -    + 500 exercicios importados...
2026-03-04 17:57:22,496 - __main__ - INFO -    + 550 exercicios importados...
2026-03-04 17:57:22,617 - __main__ - INFO -    + 600 exercicios importados...
2026-03-04 17:57:22,735 - __main__ - INFO -    + 650 exercicios importados...
2026-03-04 17:57:22,859 - __main__ - INFO -    + 700 exercicios importados...
2026-03-04 17:57:22,997 - __main__ - INFO -    + 750 exercicios importados...
2026-03-04 17:57:23,116 - __main__ - INFO -    + 800 exercicios importados...
2026-03-04 17:57:23,232 - __main__ - INFO -    + 850 exercicios importados...
2026-03-04 17:57:23,312 - __main__ - INFO - 
TOTAL NA TABELA: 17
2026-03-04 17:57:23,312 - __main__ - INFO -    Com musculo: 17
2026-03-04 17:57:23,324 - __main__ - INFO -    Sem musculo: 0
